729647 729647 199
188712 188712 86
266184 266184 102
302337 302338 190
122162 122162 199
281844 281844 84
490797 490797 64
244830 244830 151
773270 773270 194
836355 836355 158
463424 463424 108
605616 605616 204
636972 636972 173
394428 394428 162
36237 36237 68
984425 984426 109
652146 652141 217
975790 975789 140
897209 897210 145
931556 931560 202
326901 326907 185
341494 341489 198
115823 115827 230
614580 614580 173
170337 170337 153
397360 397365 118
968191 968200 184
820110 820110 83
941670 941669 109
840922 840924 207
551250 551248 147
341243 341250 198
161238 161265 184
236328 236346 200
178736 178715 210
765219 765190 287
993682 993677 140
387709 387709 87
544130 544095 222
445547 445547 95
528984 528950 196
292365 292381 177
233284 233299 244
763279 763276 150
696087 696118 305
347663 347596 229
618259 618277 248
917543 917578 202
438820 438758 294
87639 87598 240
129273 129285 207
160719 160715 184
189195 189194 117
578556 578500 253
843017 843068 207
72110 72142 144
323537 323524 185
492801 492853 245
270722 270688 363
259567 259572 164
548424 548401 209
408179 408219 206
937258 937597 339
366519 366517 180
521380 521404 227
567495 567429 253
984590 984722 290
315889 315896 216
959884 960023 352
29505 29677 241
633019 632963 240
621941 621832 372
217712 217601 187
646532 646516 323
390774 390664 317
7492 7453 164
221442 221943 262
871128 871071 251
672506 672153 367
63476 63245 330
94613 94773 315
608610 608499 248
463162 463323 276
736472 736322 318
584467 584558 297
709112 709144 336
356453 356343 304
534021 533475 320
848020 847364 326
861810 861460 326
826745 827544 419
380341 378389 379
478893 479148 338
922578 925793 383
149479 148788 295
270679 274596 363
97191 97676 297
224470 224680 262
10411 9732 242
775935 773963 437
201803 201879 311
492876 492001 426
533720 537782 377
70007 73006 325
881327 884882 370
68160 70980 312
228522 228582 262
70017 67727 312
58705 56547 304
820764 824557 375
117374 116894 274
228760 231361 443
148433 152568 370
575687 572876 359
540519 532743 377
590990 586424 359
48399 48972 296
735560 732734 380
683537 681470 336
695626 697105 336
795808 770058 437
227836 212902 386
301662 336897 384
378945 373278 423
149779 136450 375
125360 139452 344
716321 712271 411
825283 820189 375
159053 124168 383
507092 498408 426
57106 30624 340
22294 42612 324
596516 576875 434
292988 281937 389
250694 292760 407
224428 289584 443
234870 175416 443
420926 483512 444
785176 700827 504
974667 973990 383
772397 720288 468
325632 326142 322
892459 876618 445
935286 927982 414
730025 729732 318
260656 207112 443
559465 569120 421
250233 232904 381
78319 77729 276
211823 249476 443
